-------------------------------------------------------------------------------
Test set: com.mycompany.myapp.dao.Exam12DaoImpl3Test
-------------------------------------------------------------------------------
Tests run: 4, Failures: 0, Errors: 4, Skipped: 0, Time elapsed: 2.533 s <<< FAILURE! - in com.mycompany.myapp.dao.Exam12DaoImpl3Test
updateTest(com.mycompany.myapp.dao.Exam12DaoImpl3Test)  Time elapsed: 0.005 s  <<< ERROR!
java.lang.IllegalStateException: Failed to load ApplicationContext
Caused by: org.springframework.beans.factory.BeanCreationException: Error creating bean with name 'org.springframework.web.socket.server.support.WebSocketHandlerMapping#0': Cannot resolve reference to bean 'org.springframework.web.socket.server.support.WebSocketHttpRequestHandler#0' while setting bean property 'urlMap' with key [/websocket/echo]; nested exception is org.springframework.beans.factory.BeanCreationException: Error creating bean with name 'org.springframework.web.socket.server.support.WebSocketHttpRequestHandler#0': Cannot resolve reference to bean 'org.springframework.web.socket.server.support.DefaultHandshakeHandler#0' while setting constructor argument; nested exception is org.springframework.beans.factory.BeanCreationException: Error creating bean with name 'org.springframework.web.socket.server.support.DefaultHandshakeHandler#0': Instantiation of bean failed; nested exception is org.springframework.beans.BeanInstantiationException: Failed to instantiate [org.springframework.web.socket.server.support.DefaultHandshakeHandler]: Constructor threw exception; nested exception is java.lang.IllegalStateException: No suitable default RequestUpgradeStrategy found
Caused by: org.springframework.beans.factory.BeanCreationException: Error creating bean with name 'org.springframework.web.socket.server.support.WebSocketHttpRequestHandler#0': Cannot resolve reference to bean 'org.springframework.web.socket.server.support.DefaultHandshakeHandler#0' while setting constructor argument; nested exception is org.springframework.beans.factory.BeanCreationException: Error creating bean with name 'org.springframework.web.socket.server.support.DefaultHandshakeHandler#0': Instantiation of bean failed; nested exception is org.springframework.beans.BeanInstantiationException: Failed to instantiate [org.springframework.web.socket.server.support.DefaultHandshakeHandler]: Constructor threw exception; nested exception is java.lang.IllegalStateException: No suitable default RequestUpgradeStrategy found
Caused by: org.springframework.beans.factory.BeanCreationException: Error creating bean with name 'org.springframework.web.socket.server.support.DefaultHandshakeHandler#0': Instantiation of bean failed; nested exception is org.springframework.beans.BeanInstantiationException: Failed to instantiate [org.springframework.web.socket.server.support.DefaultHandshakeHandler]: Constructor threw exception; nested exception is java.lang.IllegalStateException: No suitable default RequestUpgradeStrategy found
Caused by: org.springframework.beans.BeanInstantiationException: Failed to instantiate [org.springframework.web.socket.server.support.DefaultHandshakeHandler]: Constructor threw exception; nested exception is java.lang.IllegalStateException: No suitable default RequestUpgradeStrategy found
Caused by: java.lang.IllegalStateException: No suitable default RequestUpgradeStrategy found

insertTest(com.mycompany.myapp.dao.Exam12DaoImpl3Test)  Time elapsed: 0.001 s  <<< ERROR!
java.lang.IllegalStateException: Failed to load ApplicationContext
Caused by: org.springframework.beans.factory.BeanCreationException: Error creating bean with name 'org.springframework.web.socket.server.support.WebSocketHandlerMapping#0': Cannot resolve reference to bean 'org.springframework.web.socket.server.support.WebSocketHttpRequestHandler#0' while setting bean property 'urlMap' with key [/websocket/echo]; nested exception is org.springframework.beans.factory.BeanCreationException: Error creating bean with name 'org.springframework.web.socket.server.support.WebSocketHttpRequestHandler#0': Cannot resolve reference to bean 'org.springframework.web.socket.server.support.DefaultHandshakeHandler#0' while setting constructor argument; nested exception is org.springframework.beans.factory.BeanCreationException: Error creating bean with name 'org.springframework.web.socket.server.support.DefaultHandshakeHandler#0': Instantiation of bean failed; nested exception is org.springframework.beans.BeanInstantiationException: Failed to instantiate [org.springframework.web.socket.server.support.DefaultHandshakeHandler]: Constructor threw exception; nested exception is java.lang.IllegalStateException: No suitable default RequestUpgradeStrategy found
Caused by: org.springframework.beans.factory.BeanCreationException: Error creating bean with name 'org.springframework.web.socket.server.support.WebSocketHttpRequestHandler#0': Cannot resolve reference to bean 'org.springframework.web.socket.server.support.DefaultHandshakeHandler#0' while setting constructor argument; nested exception is org.springframework.beans.factory.BeanCreationException: Error creating bean with name 'org.springframework.web.socket.server.support.DefaultHandshakeHandler#0': Instantiation of bean failed; nested exception is org.springframework.beans.BeanInstantiationException: Failed to instantiate [org.springframework.web.socket.server.support.DefaultHandshakeHandler]: Constructor threw exception; nested exception is java.lang.IllegalStateException: No suitable default RequestUpgradeStrategy found
Caused by: org.springframework.beans.factory.BeanCreationException: Error creating bean with name 'org.springframework.web.socket.server.support.DefaultHandshakeHandler#0': Instantiation of bean failed; nested exception is org.springframework.beans.BeanInstantiationException: Failed to instantiate [org.springframework.web.socket.server.support.DefaultHandshakeHandler]: Constructor threw exception; nested exception is java.lang.IllegalStateException: No suitable default RequestUpgradeStrategy found
Caused by: org.springframework.beans.BeanInstantiationException: Failed to instantiate [org.springframework.web.socket.server.support.DefaultHandshakeHandler]: Constructor threw exception; nested exception is java.lang.IllegalStateException: No suitable default RequestUpgradeStrategy found
Caused by: java.lang.IllegalStateException: No suitable default RequestUpgradeStrategy found

insertWithAttachTest(com.mycompany.myapp.dao.Exam12DaoImpl3Test)  Time elapsed: 0 s  <<< ERROR!
java.lang.IllegalStateException: Failed to load ApplicationContext
Caused by: org.springframework.beans.factory.BeanCreationException: Error creating bean with name 'org.springframework.web.socket.server.support.WebSocketHandlerMapping#0': Cannot resolve reference to bean 'org.springframework.web.socket.server.support.WebSocketHttpRequestHandler#0' while setting bean property 'urlMap' with key [/websocket/echo]; nested exception is org.springframework.beans.factory.BeanCreationException: Error creating bean with name 'org.springframework.web.socket.server.support.WebSocketHttpRequestHandler#0': Cannot resolve reference to bean 'org.springframework.web.socket.server.support.DefaultHandshakeHandler#0' while setting constructor argument; nested exception is org.springframework.beans.factory.BeanCreationException: Error creating bean with name 'org.springframework.web.socket.server.support.DefaultHandshakeHandler#0': Instantiation of bean failed; nested exception is org.springframework.beans.BeanInstantiationException: Failed to instantiate [org.springframework.web.socket.server.support.DefaultHandshakeHandler]: Constructor threw exception; nested exception is java.lang.IllegalStateException: No suitable default RequestUpgradeStrategy found
Caused by: org.springframework.beans.factory.BeanCreationException: Error creating bean with name 'org.springframework.web.socket.server.support.WebSocketHttpRequestHandler#0': Cannot resolve reference to bean 'org.springframework.web.socket.server.support.DefaultHandshakeHandler#0' while setting constructor argument; nested exception is org.springframework.beans.factory.BeanCreationException: Error creating bean with name 'org.springframework.web.socket.server.support.DefaultHandshakeHandler#0': Instantiation of bean failed; nested exception is org.springframework.beans.BeanInstantiationException: Failed to instantiate [org.springframework.web.socket.server.support.DefaultHandshakeHandler]: Constructor threw exception; nested exception is java.lang.IllegalStateException: No suitable default RequestUpgradeStrategy found
Caused by: org.springframework.beans.factory.BeanCreationException: Error creating bean with name 'org.springframework.web.socket.server.support.DefaultHandshakeHandler#0': Instantiation of bean failed; nested exception is org.springframework.beans.BeanInstantiationException: Failed to instantiate [org.springframework.web.socket.server.support.DefaultHandshakeHandler]: Constructor threw exception; nested exception is java.lang.IllegalStateException: No suitable default RequestUpgradeStrategy found
Caused by: org.springframework.beans.BeanInstantiationException: Failed to instantiate [org.springframework.web.socket.server.support.DefaultHandshakeHandler]: Constructor threw exception; nested exception is java.lang.IllegalStateException: No suitable default RequestUpgradeStrategy found
Caused by: java.lang.IllegalStateException: No suitable default RequestUpgradeStrategy found

deleteTest(com.mycompany.myapp.dao.Exam12DaoImpl3Test)  Time elapsed: 0.006 s  <<< ERROR!
java.lang.IllegalStateException: Failed to load ApplicationContext
Caused by: org.springframework.beans.factory.BeanCreationException: Error creating bean with name 'org.springframework.web.socket.server.support.WebSocketHandlerMapping#0': Cannot resolve reference to bean 'org.springframework.web.socket.server.support.WebSocketHttpRequestHandler#0' while setting bean property 'urlMap' with key [/websocket/echo]; nested exception is org.springframework.beans.factory.BeanCreationException: Error creating bean with name 'org.springframework.web.socket.server.support.WebSocketHttpRequestHandler#0': Cannot resolve reference to bean 'org.springframework.web.socket.server.support.DefaultHandshakeHandler#0' while setting constructor argument; nested exception is org.springframework.beans.factory.BeanCreationException: Error creating bean with name 'org.springframework.web.socket.server.support.DefaultHandshakeHandler#0': Instantiation of bean failed; nested exception is org.springframework.beans.BeanInstantiationException: Failed to instantiate [org.springframework.web.socket.server.support.DefaultHandshakeHandler]: Constructor threw exception; nested exception is java.lang.IllegalStateException: No suitable default RequestUpgradeStrategy found
Caused by: org.springframework.beans.factory.BeanCreationException: Error creating bean with name 'org.springframework.web.socket.server.support.WebSocketHttpRequestHandler#0': Cannot resolve reference to bean 'org.springframework.web.socket.server.support.DefaultHandshakeHandler#0' while setting constructor argument; nested exception is org.springframework.beans.factory.BeanCreationException: Error creating bean with name 'org.springframework.web.socket.server.support.DefaultHandshakeHandler#0': Instantiation of bean failed; nested exception is org.springframework.beans.BeanInstantiationException: Failed to instantiate [org.springframework.web.socket.server.support.DefaultHandshakeHandler]: Constructor threw exception; nested exception is java.lang.IllegalStateException: No suitable default RequestUpgradeStrategy found
Caused by: org.springframework.beans.factory.BeanCreationException: Error creating bean with name 'org.springframework.web.socket.server.support.DefaultHandshakeHandler#0': Instantiation of bean failed; nested exception is org.springframework.beans.BeanInstantiationException: Failed to instantiate [org.springframework.web.socket.server.support.DefaultHandshakeHandler]: Constructor threw exception; nested exception is java.lang.IllegalStateException: No suitable default RequestUpgradeStrategy found
Caused by: org.springframework.beans.BeanInstantiationException: Failed to instantiate [org.springframework.web.socket.server.support.DefaultHandshakeHandler]: Constructor threw exception; nested exception is java.lang.IllegalStateException: No suitable default RequestUpgradeStrategy found
Caused by: java.lang.IllegalStateException: No suitable default RequestUpgradeStrategy found

